src/app/dashboard/team/page.tsx(16,29): error TS18048: 'teamsResult.teams' is possibly 'undefined'.
src/app/dashboard/team/page.tsx(51,47): error TS2339: Property 'total_listings' does not exist on type 'AgentTeam'.
src/app/dashboard/team/page.tsx(67,55): error TS2339: Property 'role' does not exist on type 'AgentTeam'.
src/app/dashboard/team/page.tsx(68,44): error TS2339: Property 'role' does not exist on type 'AgentTeam'.
src/app/dashboard/team/page.tsx(88,22): error TS2739: Type '{}' is missing the following properties from type 'TeamManagementProps': userId, agentId
src/components/features/dashboard/EditPropertyForm.tsx(79,9): error TS2740: Type '{ type: "land" | "house" | "commercial"; district: string; city: string; address: string; title: string; price: number; priceNegotiable: boolean; size: string; description: string; bedrooms: number | undefined; ... 5 more ...; whatsapp: string; }' is missing the following properties from type '{ type: "land" | "house" | "commercial"; district: string; city: string; title: string; price: number; priceNegotiable: boolean; size: string; description: string; features: string[]; deedType: "sinnakkara" | ... 3 more ... | "other"; ... 12 more ...; whatsapp?: string | undefined; }': deedType, accessRoadWidth, hasSurveyPlan, hasCleanDeeds, and 3 more.
src/components/features/dashboard/EditPropertyForm.tsx(121,11): error TS2740: Type '{ type: "land" | "house" | "commercial"; district: string; city: string; address: string; title: string; price: number; priceNegotiable: boolean; size: string; description: string; bedrooms: number | undefined; ... 5 more ...; whatsapp: string; }' is missing the following properties from type '{ type: "land" | "house" | "commercial"; district: string; city: string; title: string; price: number; priceNegotiable: boolean; size: string; description: string; features: string[]; deedType: "sinnakkara" | ... 3 more ... | "other"; ... 12 more ...; whatsapp?: string | undefined; }': deedType, accessRoadWidth, hasSurveyPlan, hasCleanDeeds, and 3 more.
src/components/features/teams/TeamAnalyticsDashboard.tsx(31,11): error TS2339: Property 'overview' does not exist on type 'TeamAnalytics'.
src/components/features/teams/TeamAnalyticsDashboard.tsx(31,21): error TS2339: Property 'member_performance' does not exist on type 'TeamAnalytics'.
src/components/features/teams/TeamAnalyticsDashboard.tsx(31,41): error TS2339: Property 'monthly_trends' does not exist on type 'TeamAnalytics'.
src/components/features/teams/TeamAnalyticsDashboard.tsx(31,57): error TS2339: Property 'top_performers' does not exist on type 'TeamAnalytics'.
src/components/features/teams/TeamAnalyticsDashboard.tsx(101,34): error TS7006: Parameter 'performer' implicitly has an 'any' type.
src/components/features/teams/TeamAnalyticsDashboard.tsx(101,45): error TS7006: Parameter 'index' implicitly has an 'any' type.
src/components/features/teams/TeamAnalyticsDashboard.tsx(144,42): error TS7006: Parameter 'member' implicitly has an 'any' type.
src/components/features/teams/TeamAnalyticsDashboard.tsx(191,44): error TS7006: Parameter 'trend' implicitly has an 'any' type.
src/components/features/teams/TeamManagement.tsx(603,28): error TS18048: 'member.monthly_fee' is possibly 'undefined'.
src/components/features/verification/PhoneVerificationDialog.tsx(16,26): error TS2307: Cannot find module '@/hooks/use-toast' or its corresponding type declarations.
src/components/features/verification/VerificationStatus.tsx(8,26): error TS2307: Cannot find module '@/hooks/use-toast' or its corresponding type declarations.
src/lib/actions/teams.ts(76,13): error TS2352: Conversion of type '{ $id: string; $sequence: number; $collectionId: string; $databaseId: string; $createdAt: string; $updatedAt: string; $permissions: string[]; [__default]: true; name: string; total: number; prefs: { ...; }; }' to type 'AgentTeam' may be a mistake because neither type sufficiently overlaps with the other. If this was intentional, convert the expression to 'unknown' first.
  Type '{ $id: string; $sequence: number; $collectionId: string; $databaseId: string; $createdAt: string; $updatedAt: string; $permissions: string[]; [__default]: true; name: string; total: number; prefs: { ...; }; }' is missing the following properties from type 'AgentTeam': agency_name, service_areas, specializations, is_verified, and 5 more.
src/lib/actions/teams.ts(134,19): error TS2352: Conversion of type '{ $id: string; $sequence: number; $collectionId: string; $databaseId: string; $createdAt: string; $updatedAt: string; $permissions: string[]; [__default]: true; userId: string; ... 8 more ...; roles: string[]; }' to type 'AgentTeamMembership' may be a mistake because neither type sufficiently overlaps with the other. If this was intentional, convert the expression to 'unknown' first.
  Type '{ $id: string; $sequence: number; $collectionId: string; $databaseId: string; $createdAt: string; $updatedAt: string; $permissions: string[]; [__default]: true; userId: string; ... 8 more ...; roles: string[]; }' is missing the following properties from type 'AgentTeamMembership': agent_id, role, commission_split, is_team_lead, and 3 more.
src/lib/actions/teams.ts(168,13): error TS2352: Conversion of type '{ $id: string; $sequence: number; $collectionId: string; $databaseId: string; $createdAt: string; $updatedAt: string; $permissions: string[]; [__default]: true; name: string; total: number; prefs: { ...; }; }' to type 'AgentTeam' may be a mistake because neither type sufficiently overlaps with the other. If this was intentional, convert the expression to 'unknown' first.
  Type '{ $id: string; $sequence: number; $collectionId: string; $databaseId: string; $createdAt: string; $updatedAt: string; $permissions: string[]; [__default]: true; name: string; total: number; prefs: { ...; }; }' is missing the following properties from type 'AgentTeam': agency_name, service_areas, specializations, is_verified, and 5 more.
src/lib/actions/teams.ts(187,37): error TS2551: Property 'getMemberships' does not exist on type 'Teams'. Did you mean 'getMembership'?
src/lib/actions/teams.ts(197,49): error TS7006: Parameter 'membership' implicitly has an 'any' type.
src/lib/actions/teams.ts(261,7): error TS2322: Type 'DefaultDocument' is not assignable to type 'TeamListing | undefined'.
  Type 'DefaultDocument' is missing the following properties from type 'TeamListing': listing_id, team_id, assigned_agents, primary_agent_id, and 6 more.
src/lib/actions/teams.ts(322,9): error TS2552: Cannot find name 'assigned_agents'. Did you mean 'assignedAgents'?
src/lib/actions/teams.ts(339,7): error TS2322: Type 'DefaultDocument' is not assignable to type 'TeamLead | undefined'.
  Type 'DefaultDocument' is missing the following properties from type 'TeamLead': team_id, property_id, lead_source, assigned_agents, and 7 more.
src/lib/actions/teams.ts(387,7): error TS2322: Type 'DefaultDocument' is not assignable to type 'TeamMessage | undefined'.
  Type 'DefaultDocument' is missing the following properties from type 'TeamMessage': team_id, sender_id, message_type, title, and 3 more.
src/lib/actions/teams.ts(475,15): error TS2551: Property 'greaterEqual' does not exist on type 'typeof Query'. Did you mean 'greaterThanEqual'?
src/lib/actions/teams.ts(476,15): error TS2339: Property 'lessEqual' does not exist on type 'typeof Query'.
src/lib/actions/teams.ts(503,22): error TS2339: Property 'name' does not exist on type 'AgentTeamMembership'.
src/lib/actions/teams.ts(517,12): error TS7053: Element implicitly has an 'any' type because expression of type 'string' can't be used to index type '{}'.
  No index signature with a parameter of type 'string' was found on type '{}'.
src/lib/actions/teams.ts(518,9): error TS7053: Element implicitly has an 'any' type because expression of type 'string' can't be used to index type '{}'.
  No index signature with a parameter of type 'string' was found on type '{}'.
src/lib/actions/teams.ts(520,7): error TS7053: Element implicitly has an 'any' type because expression of type 'string' can't be used to index type '{}'.
  No index signature with a parameter of type 'string' was found on type '{}'.
src/lib/actions/teams.ts(522,9): error TS7053: Element implicitly has an 'any' type because expression of type 'string' can't be used to index type '{}'.
  No index signature with a parameter of type 'string' was found on type '{}'.
src/lib/actions/teams.ts(528,7): error TS2353: Object literal may only specify known properties, and 'date_range' does not exist in type 'TeamAnalytics'.
src/lib/actions/teams.ts(530,9): error TS2552: Cannot find name 'total_listings'. Did you mean 'totalListings'?
src/lib/actions/teams.ts(531,9): error TS2552: Cannot find name 'total_leads'. Did you mean 'totalLeads'?
src/lib/actions/teams.ts(532,9): error TS2552: Cannot find name 'active_leads'. Did you mean 'activeLeads'?
src/lib/actions/teams.ts(537,7): error TS2552: Cannot find name 'member_performance'. Did you mean 'memberPerformance'?
src/lib/actions/teams.ts(540,16): error TS18046: 'data' is of type 'unknown'.
src/lib/actions/teams.ts(541,17): error TS18046: 'data' is of type 'unknown'.
src/lib/actions/teams.ts(542,26): error TS18046: 'data' is of type 'unknown'.
src/lib/actions/teams.ts(542,44): error TS18046: 'data' is of type 'unknown'.
src/lib/actions/teams.ts(542,58): error TS18046: 'data' is of type 'unknown'.
src/lib/actions/teams.ts(568,158): error TS2304: Cannot find name 'TeamLeaderboardEntry'.
src/lib/actions/teams.ts(598,24): error TS2304: Cannot find name 'TeamLeaderboardEntry'.
src/lib/actions/teams.ts(598,69): error TS2339: Property 'member_performance' does not exist on type 'TeamAnalytics'.
src/lib/actions/teams.ts(599,12): error TS7006: Parameter 'member' implicitly has an 'any' type.
src/lib/actions/teams.ts(611,14): error TS7006: Parameter 'a' implicitly has an 'any' type.
src/lib/actions/teams.ts(611,17): error TS7006: Parameter 'b' implicitly has an 'any' type.
src/lib/actions/teams.ts(612,13): error TS7006: Parameter 'entry' implicitly has an 'any' type.
src/lib/actions/teams.ts(612,20): error TS7006: Parameter 'index' implicitly has an 'any' type.
